<?xml version="1.0" encoding="UTF-8"?>
<!-- Generated by org.testng.reporters.JUnitReportReporter -->
<testsuite hostname="COL-LT-220411B" failures="0" tests="1" name="com.packagefactory.comUnosquare" time="41.997" errors="0" timestamp="2022-08-09T14:51:18 COT" skipped="0">
  <testcase classname="com.packagefactory.comUnosquare" name="Test" time="41.997"/>
  <system-out/>
</testsuite> <!-- com.packagefactory.comUnosquare -->
